2024-10-06 21:52:25,065 - Файл file_sort.log скопійовано у C:\Users\User\goit-cs-hw-05\sorted_files\log
2024-10-06 21:52:25,072 - Файл file_11.xlsx скопійовано у C:\Users\User\goit-cs-hw-05\sorted_files\xlsx
2024-10-06 21:52:25,073 - Файл file_18.xlsx скопійовано у C:\Users\User\goit-cs-hw-05\sorted_files\xlsx
2024-10-06 21:52:25,073 - Файл file_12.jpg скопійовано у C:\Users\User\goit-cs-hw-05\sorted_files\jpg
2024-10-06 21:52:25,074 - Файл file_17.txt скопійовано у C:\Users\User\goit-cs-hw-05\sorted_files\txt
2024-10-06 21:52:25,074 - Файл file_10.docx скопійовано у C:\Users\User\goit-cs-hw-05\sorted_files\docx
2024-10-06 21:52:25,075 - Файл file_1.png скопійовано у C:\Users\User\goit-cs-hw-05\sorted_files\png
2024-10-06 21:52:25,075 - Файл file_2.png скопійовано у C:\Users\User\goit-cs-hw-05\sorted_files\png
2024-10-06 21:52:25,076 - Файл file_19.docx скопійовано у C:\Users\User\goit-cs-hw-05\sorted_files\docx
2024-10-06 21:52:25,076 - Файл file_14.jpg скопійовано у C:\Users\User\goit-cs-hw-05\sorted_files\jpg
2024-10-06 21:52:25,076 - Файл file_22.xlsx скопійовано у C:\Users\User\goit-cs-hw-05\sorted_files\xlsx
2024-10-06 21:52:25,077 - Файл file_15.txt скопійовано у C:\Users\User\goit-cs-hw-05\sorted_files\txt
2024-10-06 21:52:25,077 - Файл file_20.jpg скопійовано у C:\Users\User\goit-cs-hw-05\sorted_files\jpg
2024-10-06 21:52:25,079 - Файл file_29.png скопійовано у C:\Users\User\goit-cs-hw-05\sorted_files\png
2024-10-06 21:52:25,080 - Файл file_27.docx скопійовано у C:\Users\User\goit-cs-hw-05\sorted_files\docx
2024-10-06 21:52:25,080 - Файл file_24.txt скопійовано у C:\Users\User\goit-cs-hw-05\sorted_files\txt
2024-10-06 21:52:25,081 - Файл file_13.txt скопійовано у C:\Users\User\goit-cs-hw-05\sorted_files\txt
2024-10-06 21:52:25,081 - Файл file_7.pdf скопійовано у C:\Users\User\goit-cs-hw-05\sorted_files\pdf
2024-10-06 21:52:25,081 - Файл file_28.docx скопійовано у C:\Users\User\goit-cs-hw-05\sorted_files\docx
2024-10-06 21:52:25,082 - Файл file_4.jpg скопійовано у C:\Users\User\goit-cs-hw-05\sorted_files\jpg
2024-10-06 21:52:25,082 - Файл file_23.pdf скопійовано у C:\Users\User\goit-cs-hw-05\sorted_files\pdf
2024-10-06 21:52:25,082 - Файл file_6.txt скопійовано у C:\Users\User\goit-cs-hw-05\sorted_files\txt
2024-10-06 21:52:25,082 - Файл file_25.pdf скопійовано у C:\Users\User\goit-cs-hw-05\sorted_files\pdf
2024-10-06 21:52:25,083 - Файл index скопійовано у C:\Users\User\goit-cs-hw-05\sorted_files\no_extension
2024-10-06 21:52:25,083 - Файл file_8.jpg скопійовано у C:\Users\User\goit-cs-hw-05\sorted_files\jpg
2024-10-06 21:52:25,084 - Файл HEAD скопійовано у C:\Users\User\goit-cs-hw-05\sorted_files\no_extension
2024-10-06 21:52:25,084 - Файл file_5.jpg скопійовано у C:\Users\User\goit-cs-hw-05\sorted_files\jpg
2024-10-06 21:52:25,084 - Файл packed-refs скопійовано у C:\Users\User\goit-cs-hw-05\sorted_files\no_extension
2024-10-06 21:52:25,084 - Файл file_30.txt скопійовано у C:\Users\User\goit-cs-hw-05\sorted_files\txt
2024-10-06 21:52:25,085 - Файл file_3.pdf скопійовано у C:\Users\User\goit-cs-hw-05\sorted_files\pdf
2024-10-06 21:52:25,085 - Файл file_21.docx скопійовано у C:\Users\User\goit-cs-hw-05\sorted_files\docx
2024-10-06 21:52:25,085 - Файл description скопійовано у C:\Users\User\goit-cs-hw-05\sorted_files\no_extension
2024-10-06 21:52:25,086 - Файл pre-applypatch.sample скопійовано у C:\Users\User\goit-cs-hw-05\sorted_files\sample
2024-10-06 21:52:25,086 - Файл file_16.xlsx скопійовано у C:\Users\User\goit-cs-hw-05\sorted_files\xlsx
2024-10-06 21:52:25,086 - Файл README.md скопійовано у C:\Users\User\goit-cs-hw-05\sorted_files\md
2024-10-06 21:52:25,086 - Файл applypatch-msg.sample скопійовано у C:\Users\User\goit-cs-hw-05\sorted_files\sample
2024-10-06 21:52:25,087 - Файл file_26.xlsx скопійовано у C:\Users\User\goit-cs-hw-05\sorted_files\xlsx
2024-10-06 21:52:25,087 - Файл post-update.sample скопійовано у C:\Users\User\goit-cs-hw-05\sorted_files\sample
2024-10-06 21:52:25,087 - Файл file_9.png скопійовано у C:\Users\User\goit-cs-hw-05\sorted_files\png
2024-10-06 21:52:25,088 - Файл HEAD скопійовано у C:\Users\User\goit-cs-hw-05\sorted_files\no_extension
2024-10-06 21:52:25,088 - Файл pre-receive.sample скопійовано у C:\Users\User\goit-cs-hw-05\sorted_files\sample
2024-10-06 21:52:25,089 - Файл commit-msg.sample скопійовано у C:\Users\User\goit-cs-hw-05\sorted_files\sample
2024-10-06 21:52:25,089 - Файл FETCH_HEAD скопійовано у C:\Users\User\goit-cs-hw-05\sorted_files\no_extension
2024-10-06 21:52:25,089 - Файл pre-merge-commit.sample скопійовано у C:\Users\User\goit-cs-hw-05\sorted_files\sample
2024-10-06 21:52:25,089 - Файл exclude скопійовано у C:\Users\User\goit-cs-hw-05\sorted_files\no_extension
2024-10-06 21:52:25,091 - Файл HEAD скопійовано у C:\Users\User\goit-cs-hw-05\sorted_files\no_extension
2024-10-06 21:52:25,091 - Файл pack-fda06788f5b20ccb080da0b4d4cac4f9746c61c3.pack скопійовано у C:\Users\User\goit-cs-hw-05\sorted_files\pack
2024-10-06 21:52:25,092 - Файл config скопійовано у C:\Users\User\goit-cs-hw-05\sorted_files\no_extension
2024-10-06 21:52:25,092 - Файл main скопійовано у C:\Users\User\goit-cs-hw-05\sorted_files\no_extension
2024-10-06 21:52:25,092 - Файл main скопійовано у C:\Users\User\goit-cs-hw-05\sorted_files\no_extension
2024-10-06 21:52:25,093 - Файл pre-push.sample скопійовано у C:\Users\User\goit-cs-hw-05\sorted_files\sample
2024-10-06 21:52:25,093 - Файл create_files.py скопійовано у C:\Users\User\goit-cs-hw-05\sorted_files\py
2024-10-06 21:52:25,093 - Файл pre-commit.sample скопійовано у C:\Users\User\goit-cs-hw-05\sorted_files\sample
2024-10-06 21:52:25,095 - Файл pack-fda06788f5b20ccb080da0b4d4cac4f9746c61c3.rev скопійовано у C:\Users\User\goit-cs-hw-05\sorted_files\rev
2024-10-06 21:52:25,095 - Файл prepare-commit-msg.sample скопійовано у C:\Users\User\goit-cs-hw-05\sorted_files\sample
2024-10-06 21:52:25,104 - Файл HEAD скопійовано у C:\Users\User\goit-cs-hw-05\sorted_files\no_extension
2024-10-06 21:52:25,105 - Файл push-to-checkout.sample скопійовано у C:\Users\User\goit-cs-hw-05\sorted_files\sample
2024-10-06 21:52:25,105 - Файл task_5-1.py скопійовано у C:\Users\User\goit-cs-hw-05\sorted_files\py
2024-10-06 21:52:25,105 - Файл pack-fda06788f5b20ccb080da0b4d4cac4f9746c61c3.idx скопійовано у C:\Users\User\goit-cs-hw-05\sorted_files\idx
2024-10-06 21:52:25,107 - Файл update.sample скопійовано у C:\Users\User\goit-cs-hw-05\sorted_files\sample
2024-10-06 21:52:25,108 - Файл sendemail-validate.sample скопійовано у C:\Users\User\goit-cs-hw-05\sorted_files\sample
2024-10-06 21:52:25,109 - Файл pre-rebase.sample скопійовано у C:\Users\User\goit-cs-hw-05\sorted_files\sample
2024-10-06 21:52:25,109 - Файл fsmonitor-watchman.sample скопійовано у C:\Users\User\goit-cs-hw-05\sorted_files\sample
